<?xml version="1.0" encoding="UTF-8"?>
<!-- Generated by org.testng.reporters.JUnitReportReporter -->
<testsuite hostname="LAPTOP-O27S96EV" failures="0" tests="1" name="com.zerodha.qa.com.zerodha.qa.loginTest" time="2.851" errors="0" timestamp="11 Sep 2022 18:54:46 GMT">
  <testcase classname="com.zerodha.qa.com.zerodha.qa.loginTest" name="stpes_of_execution" time="2.851"/>
</testsuite>
